<?xml version="1.0" encoding="UTF-8"?>
<testsuite xmlns:xsi="http://www.w3.org/2001/XMLSchema-instance" xsi:noNamespaceSchemaLocation="https://maven.apache.org/surefire/maven-surefire-plugin/xsd/surefire-test-report-3.0.xsd" version="3.0" name="br.com.alura.challenge_alura.ChallengeAluraApplicationTests" time="14.192" tests="1" errors="0" skipped="0" failures="0">
  <properties>
[...]
</properties>
  <testcase name="contextLoads" classname="br.com.alura.challenge_alura.ChallengeAluraApplicationTests" time="5.642">
    <system-out><![CDATA[07:45:56.584 [main] INFO org.springframework.test.context.support.AnnotationConfigContextLoaderUtils -- Could not detect default configuration classes for test class [br.com.alura.challenge_alura.ChallengeAluraApplicationTests]: ChallengeAluraApplicationTests does not declare any static, non-private, non-final, nested classes annotated with @Configuration.
07:45:57.295 [main] INFO org.springframework.boot.test.context.SpringBootTestContextBootstrapper -- Found @SpringBootConfiguration br.com.alura.challenge_alura.ChallengeAluraApplication for test class br.com.alura.challenge_alura.ChallengeAluraApplicationTests

  .   ____          _            __ _ _
 /\\ / ___'_ __ _ _(_)_ __  __ _ \ \ \ \
( ( )\___ | '_ | '_| | '_ \/ _` | \ \ \ \
 \\/  ___)| |_)| | | | | || (_| |  ) ) ) )
  '  |____| .__|_| |_|_| |_\__, | / / / /
 =========|_|==============|___/=/_/_/_/
 :: Spring Boot ::                (v3.1.4)

2025-01-11T07:45:59.727-03:00  WARN 3868 --- [           main] ory$DuplicateJsonObjectContextCustomizer : 

Found multiple occurrences of org.json.JSONObject on the class path:

	jar:file:/home/jose/.m2/repository/com/vaadin/external/google/android-json/0.0.20131108.vaadin1/android-json-0.0.20131108.vaadin1.jar!/org/json/JSONObject.class
	jar:file:/home/jose/.m2/repository/org/json/json/20230227/json-20230227.jar!/org/json/JSONObject.class

You may wish to exclude one of them to ensure predictable runtime behavior

2025-01-11T07:45:59.835-03:00  INFO 3868 --- [           main] b.c.a.c.ChallengeAluraApplicationTests   : Starting ChallengeAluraApplicationTests using Java 17.0.13 with PID 3868 (started by jose in /home/jose/challenge-alura)
2025-01-11T07:45:59.838-03:00  INFO 3868 --- [           main] b.c.a.c.ChallengeAluraApplicationTests   : No active profile set, falling back to 1 default profile: "default"
2025-01-11T07:46:03.751-03:00  INFO 3868 --- [           main] b.c.a.c.ChallengeAluraApplicationTests   : Started ChallengeAluraApplicationTests in 5.496 seconds (process running for 10.667)
]]></system-out>
  </testcase>
</testsuite>